----------------------------------------
Timestamp: 4/8/2022 11:35:15 AM

Message: Scheduler: Task executed: 'Telerik.Sitefinity.Versioning.Cleaner.VersioningCleanerTask'. Start time: 4/8/2022 11:35:15 AM. End time: 4/8/2022 11:35:15 AM. Task data: ''


----------------------------------------
----------------------------------------
Timestamp: 4/8/2022 11:35:15 AM

Message: Scheduler: Task executed: 'Telerik.Sitefinity.ServiceHooks.Scheduling.ServiceHooksActivitiesCleanupTask'. Start time: 4/8/2022 11:35:15 AM. End time: 4/8/2022 11:35:15 AM. Task data: ''


----------------------------------------
----------------------------------------
Timestamp: 4/8/2022 11:35:15 AM

Message: Scheduler: Task executed: 'Telerik.Sitefinity.Services.Notifications.Scheduling.NotificationsCleanupTask'. Start time: 4/8/2022 11:35:15 AM. End time: 4/8/2022 11:35:15 AM. Task data: ''


----------------------------------------
----------------------------------------
Timestamp: 4/8/2022 11:35:19 AM

Message: Scheduler: Task executed: 'Telerik.Sitefinity.UsageTracking.Scheduling.UsageTrackingTask'. Start time: 4/8/2022 11:35:15 AM. End time: 4/8/2022 11:35:19 AM. Task data: ''


----------------------------------------
----------------------------------------
Timestamp: 4/8/2022 3:00:08 PM

Message: Scheduler: Task executed: 'Telerik.Sitefinity.UsageTracking.Scheduling.UsageTrackingTask'. Start time: 4/8/2022 3:00:07 PM. End time: 4/8/2022 3:00:08 PM. Task data: ''


----------------------------------------
----------------------------------------
Timestamp: 4/8/2022 3:00:08 PM

Message: Scheduler: Task executed: 'Telerik.Sitefinity.Services.Notifications.Scheduling.NotificationsCleanupTask'. Start time: 4/8/2022 3:00:08 PM. End time: 4/8/2022 3:00:08 PM. Task data: ''


----------------------------------------
----------------------------------------
Timestamp: 4/8/2022 3:00:08 PM

Message: Scheduler: Task executed: 'Telerik.Sitefinity.ServiceHooks.Scheduling.ServiceHooksActivitiesCleanupTask'. Start time: 4/8/2022 3:00:08 PM. End time: 4/8/2022 3:00:08 PM. Task data: ''


----------------------------------------
